[debug] [2023-05-25T06:44:59.933Z] ----------------------------------------------------------------------
[debug] [2023-05-25T06:44:59.935Z] Command:       V:\CompStuff\nodejs\node.exe C:\Users\nguye\AppData\Roaming\npm\node_modules\firebase-tools\lib\bin\firebase.js init
[debug] [2023-05-25T06:44:59.935Z] CLI Version:   12.2.1
[debug] [2023-05-25T06:44:59.935Z] Platform:      win32
[debug] [2023-05-25T06:44:59.936Z] Node Version:  v18.12.1
[debug] [2023-05-25T06:44:59.936Z] Time:          Thu May 25 2023 01:44:59 GMT-0500 (Central Daylight Time)
[debug] [2023-05-25T06:44:59.936Z] ----------------------------------------------------------------------
[debug] 
[debug] [2023-05-25T06:44:59.942Z] > command requires scopes: ["email","openid","https://www.googleapis.com/auth/cloudplatformprojects.readonly","https://www.googleapis.com/auth/firebase","https://www.googleapis.com/auth/cloud-platform"]
[debug] [2023-05-25T06:44:59.942Z] > authorizing via signed-in user (levid106999@gmail.com)
[info] 
     ######## #### ########  ######## ########     ###     ######  ########
     ##        ##  ##     ## ##       ##     ##  ##   ##  ##       ##
     ######    ##  ########  ######   ########  #########  ######  ######
     ##        ##  ##    ##  ##       ##     ## ##     ##       ## ##
     ##       #### ##     ## ######## ########  ##     ##  ######  ########

You're about to initialize a Firebase project in this directory:

  V:\study and projects\sing language translator\sign-language-translator\client

[debug] [2023-05-25T14:50:23.789Z] ----------------------------------------------------------------------
[debug] [2023-05-25T14:50:23.790Z] Command:       V:\CompStuff\nodejs\node.exe C:\Users\nguye\AppData\Roaming\npm\node_modules\firebase-tools\lib\bin\firebase.js init
[debug] [2023-05-25T14:50:23.791Z] CLI Version:   12.2.1
[debug] [2023-05-25T14:50:23.791Z] Platform:      win32
[debug] [2023-05-25T14:50:23.791Z] Node Version:  v18.12.1
[debug] [2023-05-25T14:50:23.792Z] Time:          Thu May 25 2023 09:50:23 GMT-0500 (Central Daylight Time)
[debug] [2023-05-25T14:50:23.792Z] ----------------------------------------------------------------------
[debug] 
[debug] [2023-05-25T14:50:23.798Z] > command requires scopes: ["email","openid","https://www.googleapis.com/auth/cloudplatformprojects.readonly","https://www.googleapis.com/auth/firebase","https://www.googleapis.com/auth/cloud-platform"]
[debug] [2023-05-25T14:50:23.798Z] > authorizing via signed-in user (levid106999@gmail.com)
[info] 
     ######## #### ########  ######## ########     ###     ######  ########
     ##        ##  ##     ## ##       ##     ##  ##   ##  ##       ##
     ######    ##  ########  ######   ########  #########  ######  ######
     ##        ##  ##    ##  ##       ##     ## ##     ##       ## ##
     ##       #### ##     ## ######## ########  ##     ##  ######  ########

You're about to initialize a Firebase project in this directory:

  V:\study and projects\sing language translator\sign-language-translator\client

[info] 
=== Project Setup
[info] 
[info] First, let's associate this project directory with a Firebase project.
[info] You can create multiple project aliases by running firebase use --add, 
[info] but for now we'll just set up a default project.
[info] 
[debug] [2023-05-25T14:50:31.074Z] > refreshing access token with scopes: []
[debug] [2023-05-25T14:50:31.076Z] >>> [apiv2][query] POST https://www.googleapis.com/oauth2/v3/token [none]
[debug] [2023-05-25T14:50:31.076Z] >>> [apiv2][body] POST https://www.googleapis.com/oauth2/v3/token [omitted]
[debug] [2023-05-25T14:50:31.261Z] <<< [apiv2][status] POST https://www.googleapis.com/oauth2/v3/token 200
[debug] [2023-05-25T14:50:31.261Z] <<< [apiv2][body] POST https://www.googleapis.com/oauth2/v3/token [omitted]
[debug] [2023-05-25T14:50:31.276Z] >>> [apiv2][query] GET https://firebase.googleapis.com/v1beta1/projects pageSize=100
[debug] [2023-05-25T14:50:31.635Z] <<< [apiv2][status] GET https://firebase.googleapis.com/v1beta1/projects 200
[debug] [2023-05-25T14:50:31.635Z] <<< [apiv2][body] GET https://firebase.googleapis.com/v1beta1/projects [omitted]
[info] i  Using project sign-language-client (sign-language-client) 
[info] 
=== Hosting Setup
[info] 
[info] Your public directory is the folder (relative to your project directory) that
[info] will contain Hosting assets to be uploaded with firebase deploy. If you
[info] have a build process for your assets, use your build's output directory.
[info] 
[debug] [2023-05-25T14:50:48.069Z] >>> [apiv2][query] GET https://www.gstatic.com/firebasejs/releases.json [none]
[debug] [2023-05-25T14:50:48.176Z] <<< [apiv2][status] GET https://www.gstatic.com/firebasejs/releases.json 200
[debug] [2023-05-25T14:50:48.177Z] <<< [apiv2][body] GET https://www.gstatic.com/firebasejs/releases.json {"current":{"version":"9.22.0","browserURL":"https://www.gstatic.com/firebasejs/9.22.0/firebase.js","packageURL":"https://www.gstatic.com/firebasejs/9.22.0/firebase.tgz"},"live":{"version":"9.22","browserURL":"https://www.gstatic.com/firebasejs/live/9.22/firebase.js","packageURL":"https://www.gstatic.com/firebasejs/live/9.22/firebase.tgz"},"components":{"analytics":"https://www.gstatic.com/firebasejs/9.22.0/firebase-analytics.js","app":"https://www.gstatic.com/firebasejs/9.22.0/firebase-app.js","app-check":"https://www.gstatic.com/firebasejs/9.22.0/firebase-app-check.js","auth":"https://www.gstatic.com/firebasejs/9.22.0/firebase-auth.js","auth/cordova":"https://www.gstatic.com/firebasejs/9.22.0/firebase-auth/cordova.js","auth/react-native":"https://www.gstatic.com/firebasejs/9.22.0/firebase-auth/react-native.js","functions":"https://www.gstatic.com/firebasejs/9.22.0/firebase-functions.js","firestore":"https://www.gstatic.com/firebasejs/9.22.0/firebase-firestore.js","firestore/lite":"https://www.gstatic.com/firebasejs/9.22.0/firebase-firestore/lite.js","installations":"https://www.gstatic.com/firebasejs/9.22.0/firebase-installations.js","storage":"https://www.gstatic.com/firebasejs/9.22.0/firebase-storage.js","performance":"https://www.gstatic.com/firebasejs/9.22.0/firebase-performance.js","remote-config":"https://www.gstatic.com/firebasejs/9.22.0/firebase-remote-config.js","messaging":"https://www.gstatic.com/firebasejs/9.22.0/firebase-messaging.js","messaging/sw":"https://www.gstatic.com/firebasejs/9.22.0/firebase-messaging/sw.js","database":"https://www.gstatic.com/firebasejs/9.22.0/firebase-database.js","firestore.memory":"https://www.gstatic.com/firebasejs/9.22.0/firebase-firestore.memory.js"}}
[info] +  Wrote public/index.html 
[info] 
[info] i  Detected a .git folder at V:\study and projects\sing language translator\sign-language-translator 
[info] i  Authorizing with GitHub to upload your service account to a GitHub repository's secrets store. 
[info] 
[info] Visit this URL on this device to log in:
[info] https://github.com/login/oauth/authorize?client_id=89cf50f02ac6aaed3484&state=893747540&redirect_uri=http%3A%2F%2Flocalhost%3A9005&scope=read%3Auser%20repo%20public_repo
[info] 
[info] Waiting for authentication...
[debug] [2023-05-25T14:50:53.044Z] >>> [apiv2][query] POST https://github.com/login/oauth/access_token [none]
[debug] [2023-05-25T14:50:53.044Z] >>> [apiv2][body] POST https://github.com/login/oauth/access_token [stream]
[debug] [2023-05-25T14:50:53.305Z] <<< [apiv2][status] POST https://github.com/login/oauth/access_token 200
[debug] [2023-05-25T14:50:53.305Z] <<< [apiv2][body] POST https://github.com/login/oauth/access_token {"access_token":"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","token_type":"bearer","scope":"read:user,repo"}
[debug] [2023-05-25T14:50:53.311Z] >>> [apiv2][query] GET https://api.github.com/user [none]
[debug] [2023-05-25T14:50:53.572Z] <<< [apiv2][status] GET https://api.github.com/user 200
[debug] [2023-05-25T14:50:53.572Z] <<< [apiv2][body] GET https://api.github.com/user {"login":"nguyenlevid","id":85124005,"node_id":"MDQ6VXNlcjg1MTI0MDA1","avatar_url":"https://avatars.githubusercontent.com/u/85124005?v=4","gravatar_id":"","url":"https://api.github.com/users/nguyenlevid","html_url":"https://github.com/nguyenlevid","followers_url":"https://api.github.com/users/nguyenlevid/followers","following_url":"https://api.github.com/users/nguyenlevid/following{/other_user}","gists_url":"https://api.github.com/users/nguyenlevid/gists{/gist_id}","starred_url":"https://api.github.com/users/nguyenlevid/starred{/owner}{/repo}","subscriptions_url":"https://api.github.com/users/nguyenlevid/subscriptions","organizations_url":"https://api.github.com/users/nguyenlevid/orgs","repos_url":"https://api.github.com/users/nguyenlevid/repos","events_url":"https://api.github.com/users/nguyenlevid/events{/privacy}","received_events_url":"https://api.github.com/users/nguyenlevid/received_events","type":"User","site_admin":false,"name":null,"company":null,"blog":"","location":null,"email":null,"hireable":null,"bio":null,"twitter_username":null,"public_repos":13,"public_gists":0,"followers":3,"following":1,"created_at":"2021-05-31T15:48:13Z","updated_at":"2023-05-23T20:33:51Z","private_gists":0,"total_private_repos":4,"owned_private_repos":4,"disk_usage":124197,"collaborators":1,"two_factor_authentication":false,"plan":{"name":"pro","space":976562499,"collaborators":0,"private_repos":9999}}
[info] 
[info] +  Success! Logged into GitHub as nguyenlevid 
[info] 
[debug] [2023-05-25T14:51:29.239Z] >>> [apiv2][query] GET https://api.github.com/repos/AugustanaCSC490Spring23/sign-language-translator/actions/secrets/public-key type=owner
[debug] [2023-05-25T14:51:29.462Z] <<< [apiv2][status] GET https://api.github.com/repos/AugustanaCSC490Spring23/sign-language-translator/actions/secrets/public-key 404
[debug] [2023-05-25T14:51:29.462Z] <<< [apiv2][body] GET https://api.github.com/repos/AugustanaCSC490Spring23/sign-language-translator/actions/secrets/public-key {"message":"Not Found","documentation_url":"https://docs.github.com/rest/reference/actions#get-a-repository-public-key"}
[info] 
[info] 
[error] !  The provided authorization cannot be used with this repository. If this repository is in an organization, did you remember to grant access? 
[info] 
[info] i  Action required: Visit this URL to ensure access has been granted to the appropriate organization(s) for the Firebase CLI GitHub OAuth App: 
[info] https://github.com/settings/connections/applications/89cf50f02ac6aaed3484
[info] 
[debug] [2023-05-25T14:54:00.576Z] >>> [apiv2][query] GET https://api.github.com/repos/AugustanaCSC490Spring23/sign-language-translator/actions/secrets/public-key type=owner
[debug] [2023-05-25T14:54:00.849Z] <<< [apiv2][status] GET https://api.github.com/repos/AugustanaCSC490Spring23/sign-language-translator/actions/secrets/public-key 404
[debug] [2023-05-25T14:54:00.849Z] <<< [apiv2][body] GET https://api.github.com/repos/AugustanaCSC490Spring23/sign-language-translator/actions/secrets/public-key {"message":"Not Found","documentation_url":"https://docs.github.com/rest/reference/actions#get-a-repository-public-key"}
[info] 
[info] 
[error] !  The provided authorization cannot be used with this repository. If this repository is in an organization, did you remember to grant access? 
[info] 
[info] i  Action required: Visit this URL to ensure access has been granted to the appropriate organization(s) for the Firebase CLI GitHub OAuth App: 
[info] https://github.com/settings/connections/applications/89cf50f02ac6aaed3484
[info] 
[debug] [2023-05-25T14:55:43.051Z] >>> [apiv2][query] GET https://api.github.com/repos/AugustanaCSC490Spring23/sign-language-translator/actions/secrets/public-key type=owner
[debug] [2023-05-25T14:55:43.284Z] <<< [apiv2][status] GET https://api.github.com/repos/AugustanaCSC490Spring23/sign-language-translator/actions/secrets/public-key 403
[debug] [2023-05-25T14:55:43.284Z] <<< [apiv2][body] GET https://api.github.com/repos/AugustanaCSC490Spring23/sign-language-translator/actions/secrets/public-key {"message":"Must have admin rights to Repository.","documentation_url":"https://docs.github.com/rest/reference/actions#get-a-repository-public-key"}
[info] 
[info] 
[error] !  The provided authorization cannot be used with this repository. If this repository is in an organization, did you remember to grant access? 
[info] 
[info] i  Action required: Visit this URL to ensure access has been granted to the appropriate organization(s) for the Firebase CLI GitHub OAuth App: 
[info] https://github.com/settings/connections/applications/89cf50f02ac6aaed3484
[info] 
