[debug] [2023-05-25T05:39:48.408Z] ----------------------------------------------------------------------
[debug] [2023-05-25T05:39:48.411Z] Command:       V:\CompStuff\nodejs\node.exe C:\Users\nguye\AppData\Roaming\npm\node_modules\firebase-tools\lib\bin\firebase.js deploy --only functions
[debug] [2023-05-25T05:39:48.412Z] CLI Version:   12.2.1
[debug] [2023-05-25T05:39:48.412Z] Platform:      win32
[debug] [2023-05-25T05:39:48.413Z] Node Version:  v18.12.1
[debug] [2023-05-25T05:39:48.414Z] Time:          Thu May 25 2023 00:39:48 GMT-0500 (Central Daylight Time)
[debug] [2023-05-25T05:39:48.414Z] ----------------------------------------------------------------------
[debug] 
[debug] [2023-05-25T05:39:48.520Z] > command requires scopes: ["email","openid","https://www.googleapis.com/auth/cloudplatformprojects.readonly","https://www.googleapis.com/auth/firebase","https://www.googleapis.com/auth/cloud-platform"]
[debug] [2023-05-25T05:39:48.520Z] > authorizing via signed-in user (levid106999@gmail.com)
[debug] [2023-05-25T05:39:48.521Z] [iam] checking project sign-language-translator-28cf1 for permissions ["cloudfunctions.functions.create","cloudfunctions.functions.delete","cloudfunctions.functions.get","cloudfunctions.functions.list","cloudfunctions.functions.update","cloudfunctions.operations.get","firebase.projects.get"]
[debug] [2023-05-25T05:39:48.524Z] >>> [apiv2][query] POST https://cloudresourcemanager.googleapis.com/v1/projects/sign-language-translator-28cf1:testIamPermissions [none]
[debug] [2023-05-25T05:39:48.524Z] >>> [apiv2][(partial)header] POST https://cloudresourcemanager.googleapis.com/v1/projects/sign-language-translator-28cf1:testIamPermissions x-goog-quota-user=projects/sign-language-translator-28cf1
[debug] [2023-05-25T05:39:48.524Z] >>> [apiv2][body] POST https://cloudresourcemanager.googleapis.com/v1/projects/sign-language-translator-28cf1:testIamPermissions {"permissions":["cloudfunctions.functions.create","cloudfunctions.functions.delete","cloudfunctions.functions.get","cloudfunctions.functions.list","cloudfunctions.functions.update","cloudfunctions.operations.get","firebase.projects.get"]}
[debug] [2023-05-25T05:39:48.813Z] <<< [apiv2][status] POST https://cloudresourcemanager.googleapis.com/v1/projects/sign-language-translator-28cf1:testIamPermissions 200
[debug] [2023-05-25T05:39:48.814Z] <<< [apiv2][body] POST https://cloudresourcemanager.googleapis.com/v1/projects/sign-language-translator-28cf1:testIamPermissions {"permissions":["cloudfunctions.functions.create","cloudfunctions.functions.delete","cloudfunctions.functions.get","cloudfunctions.functions.list","cloudfunctions.functions.update","cloudfunctions.operations.get","firebase.projects.get"]}
[debug] [2023-05-25T05:39:48.814Z] >>> [apiv2][query] POST https://iam.googleapis.com/v1/projects/sign-language-translator-28cf1/serviceAccounts/sign-language-translator-28cf1@appspot.gserviceaccount.com:testIamPermissions [none]
[debug] [2023-05-25T05:39:48.814Z] >>> [apiv2][body] POST https://iam.googleapis.com/v1/projects/sign-language-translator-28cf1/serviceAccounts/sign-language-translator-28cf1@appspot.gserviceaccount.com:testIamPermissions {"permissions":["iam.serviceAccounts.actAs"]}
[debug] [2023-05-25T05:39:49.050Z] <<< [apiv2][status] POST https://iam.googleapis.com/v1/projects/sign-language-translator-28cf1/serviceAccounts/sign-language-translator-28cf1@appspot.gserviceaccount.com:testIamPermissions 200
[debug] [2023-05-25T05:39:49.050Z] <<< [apiv2][body] POST https://iam.googleapis.com/v1/projects/sign-language-translator-28cf1/serviceAccounts/sign-language-translator-28cf1@appspot.gserviceaccount.com:testIamPermissions {"permissions":["iam.serviceAccounts.actAs"]}
[info] 
[info] === Deploying to 'sign-language-translator-28cf1'...
[info] 
[info] i  deploying functions 
[info] Running command: npm --prefix "$RESOURCE_DIR" run lint
[info] +  functions: Finished running predeploy script. 
[debug] [2023-05-25T05:39:50.503Z] >>> [apiv2][query] GET https://firebase.googleapis.com/v1beta1/projects/sign-language-translator-28cf1 [none]
[debug] [2023-05-25T05:39:51.747Z] <<< [apiv2][status] GET https://firebase.googleapis.com/v1beta1/projects/sign-language-translator-28cf1 200
[debug] [2023-05-25T05:39:51.747Z] <<< [apiv2][body] GET https://firebase.googleapis.com/v1beta1/projects/sign-language-translator-28cf1 {"projectId":"sign-language-translator-28cf1","projectNumber":"127255569728","displayName":"sign language translator","name":"projects/sign-language-translator-28cf1","resources":{"hostingSite":"sign-language-translator-28cf1"},"state":"ACTIVE","etag":"1_7d7d22be-ce6d-4b81-9573-e96071da3e97"}
[info] i  functions: preparing codebase default for deployment 
[info] i  functions: ensuring required API cloudfunctions.googleapis.com is enabled... 
[info] i  functions: ensuring required API cloudbuild.googleapis.com is enabled... 
[info] i  artifactregistry: ensuring required API artifactregistry.googleapis.com is enabled... 
[debug] [2023-05-25T05:39:51.749Z] >>> [apiv2][query] GET https://serviceusage.googleapis.com/v1/projects/sign-language-translator-28cf1/services/cloudfunctions.googleapis.com [none]
[debug] [2023-05-25T05:39:51.749Z] >>> [apiv2][(partial)header] GET https://serviceusage.googleapis.com/v1/projects/sign-language-translator-28cf1/services/cloudfunctions.googleapis.com x-goog-quota-user=projects/sign-language-translator-28cf1
[debug] [2023-05-25T05:39:51.750Z] >>> [apiv2][query] GET https://serviceusage.googleapis.com/v1/projects/sign-language-translator-28cf1/services/runtimeconfig.googleapis.com [none]
[debug] [2023-05-25T05:39:51.750Z] >>> [apiv2][(partial)header] GET https://serviceusage.googleapis.com/v1/projects/sign-language-translator-28cf1/services/runtimeconfig.googleapis.com x-goog-quota-user=projects/sign-language-translator-28cf1
[debug] [2023-05-25T05:39:51.751Z] >>> [apiv2][query] GET https://serviceusage.googleapis.com/v1/projects/sign-language-translator-28cf1/services/cloudbuild.googleapis.com [none]
[debug] [2023-05-25T05:39:51.751Z] >>> [apiv2][(partial)header] GET https://serviceusage.googleapis.com/v1/projects/sign-language-translator-28cf1/services/cloudbuild.googleapis.com x-goog-quota-user=projects/sign-language-translator-28cf1
[debug] [2023-05-25T05:39:51.752Z] >>> [apiv2][query] GET https://serviceusage.googleapis.com/v1/projects/sign-language-translator-28cf1/services/artifactregistry.googleapis.com [none]
[debug] [2023-05-25T05:39:51.752Z] >>> [apiv2][(partial)header] GET https://serviceusage.googleapis.com/v1/projects/sign-language-translator-28cf1/services/artifactregistry.googleapis.com x-goog-quota-user=projects/sign-language-translator-28cf1
[debug] [2023-05-25T05:39:52.076Z] <<< [apiv2][status] GET https://serviceusage.googleapis.com/v1/projects/sign-language-translator-28cf1/services/cloudfunctions.googleapis.com 200
[debug] [2023-05-25T05:39:52.076Z] <<< [apiv2][body] GET https://serviceusage.googleapis.com/v1/projects/sign-language-translator-28cf1/services/cloudfunctions.googleapis.com [omitted]
[info] +  functions: required API cloudfunctions.googleapis.com is enabled 
[debug] [2023-05-25T05:39:52.115Z] <<< [apiv2][status] GET https://serviceusage.googleapis.com/v1/projects/sign-language-translator-28cf1/services/artifactregistry.googleapis.com 200
[debug] [2023-05-25T05:39:52.115Z] <<< [apiv2][body] GET https://serviceusage.googleapis.com/v1/projects/sign-language-translator-28cf1/services/artifactregistry.googleapis.com [omitted]
[warn] !  artifactregistry: missing required API artifactregistry.googleapis.com. Enabling now... 
[debug] [2023-05-25T05:39:52.116Z] >>> [apiv2][query] POST https://serviceusage.googleapis.com/v1/projects/sign-language-translator-28cf1/services/artifactregistry.googleapis.com:enable [none]
[debug] [2023-05-25T05:39:52.116Z] >>> [apiv2][(partial)header] POST https://serviceusage.googleapis.com/v1/projects/sign-language-translator-28cf1/services/artifactregistry.googleapis.com:enable x-goog-quota-user=projects/sign-language-translator-28cf1
[debug] [2023-05-25T05:39:52.121Z] <<< [apiv2][status] GET https://serviceusage.googleapis.com/v1/projects/sign-language-translator-28cf1/services/runtimeconfig.googleapis.com 200
[debug] [2023-05-25T05:39:52.121Z] <<< [apiv2][body] GET https://serviceusage.googleapis.com/v1/projects/sign-language-translator-28cf1/services/runtimeconfig.googleapis.com [omitted]
[debug] [2023-05-25T05:39:52.191Z] <<< [apiv2][status] GET https://serviceusage.googleapis.com/v1/projects/sign-language-translator-28cf1/services/cloudbuild.googleapis.com 200
[debug] [2023-05-25T05:39:52.191Z] <<< [apiv2][body] GET https://serviceusage.googleapis.com/v1/projects/sign-language-translator-28cf1/services/cloudbuild.googleapis.com [omitted]
[warn] !  functions: missing required API cloudbuild.googleapis.com. Enabling now... 
[debug] [2023-05-25T05:39:52.192Z] >>> [apiv2][query] POST https://serviceusage.googleapis.com/v1/projects/sign-language-translator-28cf1/services/cloudbuild.googleapis.com:enable [none]
[debug] [2023-05-25T05:39:52.192Z] >>> [apiv2][(partial)header] POST https://serviceusage.googleapis.com/v1/projects/sign-language-translator-28cf1/services/cloudbuild.googleapis.com:enable x-goog-quota-user=projects/sign-language-translator-28cf1
[debug] [2023-05-25T05:39:52.680Z] <<< [apiv2][status] POST https://serviceusage.googleapis.com/v1/projects/sign-language-translator-28cf1/services/cloudbuild.googleapis.com:enable 200
[debug] [2023-05-25T05:39:52.680Z] <<< [apiv2][body] POST https://serviceusage.googleapis.com/v1/projects/sign-language-translator-28cf1/services/cloudbuild.googleapis.com:enable [omitted]
[debug] [2023-05-25T05:39:52.684Z] <<< [apiv2][status] POST https://serviceusage.googleapis.com/v1/projects/sign-language-translator-28cf1/services/artifactregistry.googleapis.com:enable 200
[debug] [2023-05-25T05:39:52.684Z] <<< [apiv2][body] POST https://serviceusage.googleapis.com/v1/projects/sign-language-translator-28cf1/services/artifactregistry.googleapis.com:enable [omitted]
[debug] [2023-05-25T05:40:02.690Z] >>> [apiv2][query] GET https://serviceusage.googleapis.com/v1/projects/sign-language-translator-28cf1/services/cloudbuild.googleapis.com [none]
[debug] [2023-05-25T05:40:02.690Z] >>> [apiv2][(partial)header] GET https://serviceusage.googleapis.com/v1/projects/sign-language-translator-28cf1/services/cloudbuild.googleapis.com x-goog-quota-user=projects/sign-language-translator-28cf1
[debug] [2023-05-25T05:40:02.693Z] >>> [apiv2][query] GET https://serviceusage.googleapis.com/v1/projects/sign-language-translator-28cf1/services/artifactregistry.googleapis.com [none]
[debug] [2023-05-25T05:40:02.693Z] >>> [apiv2][(partial)header] GET https://serviceusage.googleapis.com/v1/projects/sign-language-translator-28cf1/services/artifactregistry.googleapis.com x-goog-quota-user=projects/sign-language-translator-28cf1
[debug] [2023-05-25T05:40:02.974Z] <<< [apiv2][status] GET https://serviceusage.googleapis.com/v1/projects/sign-language-translator-28cf1/services/cloudbuild.googleapis.com 200
[debug] [2023-05-25T05:40:02.974Z] <<< [apiv2][body] GET https://serviceusage.googleapis.com/v1/projects/sign-language-translator-28cf1/services/cloudbuild.googleapis.com [omitted]
[info] i  functions: waiting for API cloudbuild.googleapis.com to activate... 
[debug] [2023-05-25T05:40:03.126Z] <<< [apiv2][status] GET https://serviceusage.googleapis.com/v1/projects/sign-language-translator-28cf1/services/artifactregistry.googleapis.com 200
[debug] [2023-05-25T05:40:03.126Z] <<< [apiv2][body] GET https://serviceusage.googleapis.com/v1/projects/sign-language-translator-28cf1/services/artifactregistry.googleapis.com [omitted]
[info] +  artifactregistry: required API artifactregistry.googleapis.com is enabled 
[debug] [2023-05-25T05:40:12.975Z] >>> [apiv2][query] GET https://serviceusage.googleapis.com/v1/projects/sign-language-translator-28cf1/services/cloudbuild.googleapis.com [none]
[debug] [2023-05-25T05:40:12.975Z] >>> [apiv2][(partial)header] GET https://serviceusage.googleapis.com/v1/projects/sign-language-translator-28cf1/services/cloudbuild.googleapis.com x-goog-quota-user=projects/sign-language-translator-28cf1
[debug] [2023-05-25T05:40:13.205Z] <<< [apiv2][status] GET https://serviceusage.googleapis.com/v1/projects/sign-language-translator-28cf1/services/cloudbuild.googleapis.com 200
[debug] [2023-05-25T05:40:13.205Z] <<< [apiv2][body] GET https://serviceusage.googleapis.com/v1/projects/sign-language-translator-28cf1/services/cloudbuild.googleapis.com [omitted]
[info] +  functions: required API cloudbuild.googleapis.com is enabled 
[debug] [2023-05-25T05:40:13.208Z] >>> [apiv2][query] GET https://firebase.googleapis.com/v1beta1/projects/sign-language-translator-28cf1/adminSdkConfig [none]
[debug] [2023-05-25T05:40:13.401Z] <<< [apiv2][status] GET https://firebase.googleapis.com/v1beta1/projects/sign-language-translator-28cf1/adminSdkConfig 200
[debug] [2023-05-25T05:40:13.401Z] <<< [apiv2][body] GET https://firebase.googleapis.com/v1beta1/projects/sign-language-translator-28cf1/adminSdkConfig {"projectId":"sign-language-translator-28cf1","storageBucket":"sign-language-translator-28cf1.appspot.com"}
[debug] [2023-05-25T05:40:13.401Z] >>> [apiv2][query] GET https://runtimeconfig.googleapis.com/v1beta1/projects/sign-language-translator-28cf1/configs [none]
[debug] [2023-05-25T05:40:13.665Z] <<< [apiv2][status] GET https://runtimeconfig.googleapis.com/v1beta1/projects/sign-language-translator-28cf1/configs 200
[debug] [2023-05-25T05:40:13.665Z] <<< [apiv2][body] GET https://runtimeconfig.googleapis.com/v1beta1/projects/sign-language-translator-28cf1/configs {}
[debug] [2023-05-25T05:40:13.666Z] Validating nodejs source
[debug] [2023-05-25T05:40:14.749Z] > [functions] package.json contents: {
  "name": "functions",
  "description": "Cloud Functions for Firebase",
  "scripts": {
    "lint": "eslint .",
    "serve": "firebase emulators:start --only functions",
    "shell": "firebase functions:shell",
    "start": "npm run shell",
    "deploy": "firebase deploy --only functions",
    "logs": "firebase functions:log"
  },
  "engines": {
    "node": "18"
  },
  "main": "index.js",
  "dependencies": {
    "firebase-admin": "^11.8.0",
    "firebase-functions": "^4.3.1"
  },
  "devDependencies": {
    "eslint": "^8.15.0",
    "eslint-config-google": "^0.14.0",
    "firebase-functions-test": "^3.1.0"
  },
  "private": true
}
[debug] [2023-05-25T05:40:14.750Z] Building nodejs source
[debug] [2023-05-25T05:40:14.750Z] Could not find functions.yaml. Must use http discovery
[debug] [2023-05-25T05:40:14.763Z] Found firebase-functions binary at 'V:\study and projects\sing language translator\sign-language-translator\server\functions\node_modules\.bin\firebase-functions'
[debug] [2023-05-25T05:40:16.337Z] Serving at port 8673

[debug] [2023-05-25T05:40:26.913Z] In mode: undefined

[debug] [2023-05-25T05:40:26.915Z] App running on port 3000

[debug] [2023-05-25T05:40:26.920Z] MongooseError The `uri` parameter to `openUri()` must be a string, got "undefined". Make sure the first parameter to `mongoose.connect()` or `mongoose.createConnection()` is a string.

[debug] [2023-05-25T05:40:26.920Z] Unhandled rejection! Shutting down...

[debug] [2023-05-25T05:40:27.017Z] FetchError: request to http://localhost:8673/__/quitquitquit failed, reason: read ECONNRESET
    at ClientRequest.<anonymous> (C:\Users\nguye\AppData\Roaming\npm\node_modules\firebase-tools\node_modules\node-fetch\lib\index.js:1505:11)
    at ClientRequest.emit (node:events:513:28)
    at ClientRequest.emit (node:domain:489:12)
    at Socket.socketErrorListener (node:_http_client:494:9)
    at Socket.emit (node:events:513:28)
    at Socket.emit (node:domain:489:12)
    at emitErrorNT (node:internal/streams/destroy:151:8)
    at emitErrorCloseNT (node:internal/streams/destroy:116:3)
    at process.processTicksAndRejections (node:internal/process/task_queues:82:21)
[error] 
[error] Error: An unexpected error has occurred.
